<?xml version="1.0" encoding="UTF-8"?>
<Site BuildName="Linux-g++"
	BuildStamp="20240206-1158-Experimental"
	Name="vpert"
	Generator="ctest-3.28.2"
	CompilerName="/usr/bin/g++"
	CompilerVersion="13.2.1"
	OSName="Linux"
	Hostname="vpert"
	OSRelease="6.7.2-arch1-2"
	OSVersion="#1 SMP PREEMPT_DYNAMIC Wed, 31 Jan 2024 09:22:15 +0000"
	OSPlatform="x86_64"
	Is64Bits="1"
	VendorString="AuthenticAMD"
	VendorID="Advanced Micro Devices"
	FamilyID="23"
	ModelID="96"
	ProcessorCacheSize="512"
	NumberOfLogicalCPU="16"
	NumberOfPhysicalCPU="8"
	TotalVirtualMemory="4095"
	TotalPhysicalMemory="15409"
	LogicalProcessorsPerPhysical="2"
	ProcessorClockFrequency="3336.19"
	>
	<Testing>
		<StartDateTime>Feb 06 14:58 MSK</StartDateTime>
		<StartTestTime>1707220683</StartTestTime>
		<TestList/>
		<EndDateTime>Feb 06 14:58 MSK</EndDateTime>
		<EndTestTime>1707220683</EndTestTime>
		<ElapsedMinutes>0</ElapsedMinutes>
	</Testing>
</Site>
